<?xml version="1.0" encoding="UTF-8"?>
<testng-results ignored="0" total="3" passed="3" failed="0" skipped="0">
  <reporter-output>
  </reporter-output>
  <suite started-at="2024-05-28T11:39:01 IST" name="Surefire suite" finished-at="2024-05-28T11:40:21 IST" duration-ms="80008">
    <groups>
    </groups>
    <test started-at="2024-05-28T11:39:01 IST" name="Surefire test" finished-at="2024-05-28T11:40:21 IST" duration-ms="80008">
      <class name="com.ShoppersStack.testScripts.Verify_User_is_able_to_delete_address_or_not_Test">
        <test-method is-config="true" signature="beforeClass()[pri:0, instance:com.ShoppersStack.testScripts.Verify_User_is_able_to_delete_address_or_not_Test@4ddced80]" started-at="2024-05-28T11:39:25 IST" name="beforeClass" finished-at="2024-05-28T11:39:30 IST" duration-ms="4571" status="PASS">
          <reporter-output>
          </reporter-output>
        </test-method> <!-- beforeClass -->
        <test-method is-config="true" signature="beforeMethod()[pri:0, instance:com.ShoppersStack.testScripts.Verify_User_is_able_to_delete_address_or_not_Test@4ddced80]" started-at="2024-05-28T11:39:30 IST" name="beforeMethod" finished-at="2024-05-28T11:39:38 IST" duration-ms="8256" status="PASS">
          <reporter-output>
          </reporter-output>
        </test-method> <!-- beforeMethod -->
        <test-method signature="deleteAddress()[pri:0, instance:com.ShoppersStack.testScripts.Verify_User_is_able_to_delete_address_or_not_Test@4ddced80]" started-at="2024-05-28T11:39:38 IST" name="deleteAddress" finished-at="2024-05-28T11:39:49 IST" duration-ms="10736" status="PASS">
          <reporter-output>
          </reporter-output>
        </test-method> <!-- deleteAddress -->
        <test-method is-config="true" signature="afterMethod()[pri:0, instance:com.ShoppersStack.testScripts.Verify_User_is_able_to_delete_address_or_not_Test@4ddced80]" started-at="2024-05-28T11:39:49 IST" name="afterMethod" finished-at="2024-05-28T11:39:49 IST" duration-ms="258" status="PASS">
          <reporter-output>
          </reporter-output>
        </test-method> <!-- afterMethod -->
        <test-method is-config="true" signature="afterclass()[pri:0, instance:com.ShoppersStack.testScripts.Verify_User_is_able_to_delete_address_or_not_Test@4ddced80]" started-at="2024-05-28T11:39:49 IST" name="afterclass" finished-at="2024-05-28T11:39:53 IST" duration-ms="3368" status="PASS">
          <reporter-output>
          </reporter-output>
        </test-method> <!-- afterclass -->
      </class> <!-- com.ShoppersStack.testScripts.Verify_User_is_able_to_delete_address_or_not_Test -->
      <class name="com.ShoppersStack.testScripts.Verify_User_is_able_to_add_address_or_not_Test">
        <test-method is-config="true" signature="beforeSuite()[pri:0, instance:com.ShoppersStack.testScripts.Verify_User_is_able_to_add_address_or_not_Test@7adda9cc]" started-at="2024-05-28T11:39:00 IST" name="beforeSuite" finished-at="2024-05-28T11:39:01 IST" duration-ms="18" status="PASS">
          <reporter-output>
          </reporter-output>
        </test-method> <!-- beforeSuite -->
        <test-method is-config="true" signature="beforeTest()[pri:0, instance:com.ShoppersStack.testScripts.Verify_User_is_able_to_add_address_or_not_Test@7adda9cc]" started-at="2024-05-28T11:39:01 IST" name="beforeTest" finished-at="2024-05-28T11:39:01 IST" duration-ms="264" status="PASS">
          <reporter-output>
          </reporter-output>
        </test-method> <!-- beforeTest -->
        <test-method is-config="true" signature="beforeClass()[pri:0, instance:com.ShoppersStack.testScripts.Verify_User_is_able_to_add_address_or_not_Test@7adda9cc]" started-at="2024-05-28T11:39:01 IST" name="beforeClass" finished-at="2024-05-28T11:39:06 IST" duration-ms="5108" status="PASS">
          <reporter-output>
          </reporter-output>
        </test-method> <!-- beforeClass -->
        <test-method is-config="true" signature="beforeMethod()[pri:0, instance:com.ShoppersStack.testScripts.Verify_User_is_able_to_add_address_or_not_Test@7adda9cc]" started-at="2024-05-28T11:39:06 IST" name="beforeMethod" finished-at="2024-05-28T11:39:15 IST" duration-ms="8758" status="PASS">
          <reporter-output>
          </reporter-output>
        </test-method> <!-- beforeMethod -->
        <test-method signature="addAddress()[pri:0, instance:com.ShoppersStack.testScripts.Verify_User_is_able_to_add_address_or_not_Test@7adda9cc]" started-at="2024-05-28T11:39:15 IST" name="addAddress" finished-at="2024-05-28T11:39:21 IST" duration-ms="6574" status="PASS">
          <reporter-output>
          </reporter-output>
        </test-method> <!-- addAddress -->
        <test-method is-config="true" signature="afterMethod()[pri:0, instance:com.ShoppersStack.testScripts.Verify_User_is_able_to_add_address_or_not_Test@7adda9cc]" started-at="2024-05-28T11:39:21 IST" name="afterMethod" finished-at="2024-05-28T11:39:22 IST" duration-ms="793" status="PASS">
          <reporter-output>
          </reporter-output>
        </test-method> <!-- afterMethod -->
        <test-method is-config="true" signature="afterclass()[pri:0, instance:com.ShoppersStack.testScripts.Verify_User_is_able_to_add_address_or_not_Test@7adda9cc]" started-at="2024-05-28T11:39:22 IST" name="afterclass" finished-at="2024-05-28T11:39:25 IST" duration-ms="3341" status="PASS">
          <reporter-output>
          </reporter-output>
        </test-method> <!-- afterclass -->
        <test-method is-config="true" signature="afterTest()[pri:0, instance:com.ShoppersStack.testScripts.Verify_User_is_able_to_add_address_or_not_Test@7adda9cc]" started-at="2024-05-28T11:40:20 IST" name="afterTest" finished-at="2024-05-28T11:40:21 IST" duration-ms="508" status="PASS">
          <reporter-output>
          </reporter-output>
        </test-method> <!-- afterTest -->
        <test-method is-config="true" signature="afterSuite()[pri:0, instance:com.ShoppersStack.testScripts.Verify_User_is_able_to_add_address_or_not_Test@7adda9cc]" started-at="2024-05-28T11:40:21 IST" name="afterSuite" finished-at="2024-05-28T11:40:21 IST" duration-ms="0" status="PASS">
          <reporter-output>
          </reporter-output>
        </test-method> <!-- afterSuite -->
      </class> <!-- com.ShoppersStack.testScripts.Verify_User_is_able_to_add_address_or_not_Test -->
      <class name="com.ShoppersStack.testScripts.Verify_user_is_able_to_update_address_or_not_Test">
        <test-method is-config="true" signature="beforeClass()[pri:0, instance:com.ShoppersStack.testScripts.Verify_user_is_able_to_update_address_or_not_Test@1534f01b]" started-at="2024-05-28T11:39:53 IST" name="beforeClass" finished-at="2024-05-28T11:39:55 IST" duration-ms="2795" status="PASS">
          <reporter-output>
          </reporter-output>
        </test-method> <!-- beforeClass -->
        <test-method is-config="true" signature="beforeMethod()[pri:0, instance:com.ShoppersStack.testScripts.Verify_user_is_able_to_update_address_or_not_Test@1534f01b]" started-at="2024-05-28T11:39:55 IST" name="beforeMethod" finished-at="2024-05-28T11:40:06 IST" duration-ms="10228" status="PASS">
          <reporter-output>
          </reporter-output>
        </test-method> <!-- beforeMethod -->
        <test-method signature="updateAddress()[pri:0, instance:com.ShoppersStack.testScripts.Verify_user_is_able_to_update_address_or_not_Test@1534f01b]" started-at="2024-05-28T11:40:06 IST" name="updateAddress" finished-at="2024-05-28T11:40:19 IST" duration-ms="13234" status="PASS">
          <reporter-output>
          </reporter-output>
        </test-method> <!-- updateAddress -->
        <test-method is-config="true" signature="afterMethod()[pri:0, instance:com.ShoppersStack.testScripts.Verify_user_is_able_to_update_address_or_not_Test@1534f01b]" started-at="2024-05-28T11:40:19 IST" name="afterMethod" finished-at="2024-05-28T11:40:20 IST" duration-ms="1134" status="FAIL">
          <exception class="org.openqa.selenium.ElementClickInterceptedException">
            <message>
              <![CDATA[element click intercepted: Element <div class="MuiAvatar-root MuiAvatar-circular MuiAvatar-colorDefault css-bjoz8z">...</div> is not clickable at point (1448, 33). Other element would receive the click: <div id="zi8tyeu" class="Toastify__toast Toastify__toast-theme--light Toastify__toast--success" style="--nth: 1; --len: 1;">...</div>
  (Session info: chrome=125.0.6422.113)
Build info: version: '4.21.0', revision: '79ed462ef4'
System info: os.name: 'Windows 11', os.arch: 'amd64', os.version: '10.0', java.version: '17.0.6'
Driver info: org.openqa.selenium.chrome.ChromeDriver
Command: [4e74d64a82e4077e263597242b496eb1, clickElement {id=f.2F8176EC5CB53390C687F76A46573EE1.d.F857B975BCE1BF1FD81956E832E214CD.e.77}]
Capabilities {acceptInsecureCerts: false, browserName: chrome, browserVersion: 125.0.6422.113, chrome: {chromedriverVersion: 125.0.6422.78 (14db42ec38ad..., userDataDir: C:\Users\Admin\AppData\Loca...}, fedcm:accounts: true, goog:chromeOptions: {debuggerAddress: localhost:60786}, networkConnectionEnabled: false, pageLoadStrategy: normal, platformName: windows, proxy: Proxy(), se:cdp: ws://localhost:60786/devtoo..., se:cdpVersion: 125.0.6422.113, setWindowRect: true, strictFileInteractability: false, timeouts: {implicit: 0, pageLoad: 300000, script: 30000}, unhandledPromptBehavior: dismiss and notify, webauthn:extension:credBlob: true, webauthn:extension:largeBlob: true, webauthn:extension:minPinLength: true, webauthn:extension:prf: true, webauthn:virtualAuthenticators: true}
Element: [[ChromeDriver: chrome on windows (4e74d64a82e4077e263597242b496eb1)] -> xpath: //div[contains(@class,'MuiAvatar-root')]]
Session ID: 4e74d64a82e4077e263597242b496eb1]]>
            </message>
            <full-stacktrace>
              <![CDATA[org.openqa.selenium.ElementClickInterceptedException: element click intercepted: Element <div class="MuiAvatar-root MuiAvatar-circular MuiAvatar-colorDefault css-bjoz8z">...</div> is not clickable at point (1448, 33). Other element would receive the click: <div id="zi8tyeu" class="Toastify__toast Toastify__toast-theme--light Toastify__toast--success" style="--nth: 1; --len: 1;">...</div>
  (Session info: chrome=125.0.6422.113)
Build info: version: '4.21.0', revision: '79ed462ef4'
System info: os.name: 'Windows 11', os.arch: 'amd64', os.version: '10.0', java.version: '17.0.6'
Driver info: org.openqa.selenium.chrome.ChromeDriver
Command: [4e74d64a82e4077e263597242b496eb1, clickElement {id=f.2F8176EC5CB53390C687F76A46573EE1.d.F857B975BCE1BF1FD81956E832E214CD.e.77}]
Capabilities {acceptInsecureCerts: false, browserName: chrome, browserVersion: 125.0.6422.113, chrome: {chromedriverVersion: 125.0.6422.78 (14db42ec38ad..., userDataDir: C:\Users\Admin\AppData\Loca...}, fedcm:accounts: true, goog:chromeOptions: {debuggerAddress: localhost:60786}, networkConnectionEnabled: false, pageLoadStrategy: normal, platformName: windows, proxy: Proxy(), se:cdp: ws://localhost:60786/devtoo..., se:cdpVersion: 125.0.6422.113, setWindowRect: true, strictFileInteractability: false, timeouts: {implicit: 0, pageLoad: 300000, script: 30000}, unhandledPromptBehavior: dismiss and notify, webauthn:extension:credBlob: true, webauthn:extension:largeBlob: true, webauthn:extension:minPinLength: true, webauthn:extension:prf: true, webauthn:virtualAuthenticators: true}
Element: [[ChromeDriver: chrome on windows (4e74d64a82e4077e263597242b496eb1)] -> xpath: //div[contains(@class,'MuiAvatar-root')]]
Session ID: 4e74d64a82e4077e263597242b496eb1
at java.base/jdk.internal.reflect.NativeConstructorAccessorImpl.newInstance0(Native Method)
at java.base/jdk.internal.reflect.NativeConstructorAccessorImpl.newInstance(NativeConstructorAccessorImpl.java:77)
at java.base/jdk.internal.reflect.DelegatingConstructorAccessorImpl.newInstance(DelegatingConstructorAccessorImpl.java:45)
at java.base/java.lang.reflect.Constructor.newInstanceWithCaller(Constructor.java:499)
at java.base/java.lang.reflect.Constructor.newInstance(Constructor.java:480)
at org.openqa.selenium.remote.ErrorCodec.decode(ErrorCodec.java:167)
at org.openqa.selenium.remote.codec.w3c.W3CHttpResponseCodec.decode(W3CHttpResponseCodec.java:138)
at org.openqa.selenium.remote.codec.w3c.W3CHttpResponseCodec.decode(W3CHttpResponseCodec.java:50)
at org.openqa.selenium.remote.HttpCommandExecutor.execute(HttpCommandExecutor.java:190)
at org.openqa.selenium.remote.service.DriverCommandExecutor.invokeExecute(DriverCommandExecutor.java:216)
at org.openqa.selenium.remote.service.DriverCommandExecutor.execute(DriverCommandExecutor.java:174)
at org.openqa.selenium.remote.RemoteWebDriver.execute(RemoteWebDriver.java:518)
at org.openqa.selenium.remote.RemoteWebElement.execute(RemoteWebElement.java:223)
at org.openqa.selenium.remote.RemoteWebElement.click(RemoteWebElement.java:76)
at jdk.internal.reflect.GeneratedMethodAccessor1.invoke(Unknown Source)
at java.base/jdk.internal.reflect.DelegatingMethodAccessorImpl.invoke(DelegatingMethodAccessorImpl.java:43)
at java.base/java.lang.reflect.Method.invoke(Method.java:568)
at org.openqa.selenium.support.pagefactory.internal.LocatingElementHandler.invoke(LocatingElementHandler.java:51)
at jdk.proxy2/jdk.proxy2.$Proxy17.click(Unknown Source)
at com.ShoppersStack.GenericUtility.BaseTest.afterMethod(BaseTest.java:109)
at java.base/jdk.internal.reflect.NativeMethodAccessorImpl.invoke0(Native Method)
at java.base/jdk.internal.reflect.NativeMethodAccessorImpl.invoke(NativeMethodAccessorImpl.java:77)
at java.base/jdk.internal.reflect.DelegatingMethodAccessorImpl.invoke(DelegatingMethodAccessorImpl.java:43)
at java.base/java.lang.reflect.Method.invoke(Method.java:568)
at org.testng.internal.invokers.MethodInvocationHelper.invokeMethod(MethodInvocationHelper.java:141)
at org.testng.internal.invokers.MethodInvocationHelper.invokeMethodConsideringTimeout(MethodInvocationHelper.java:71)
at org.testng.internal.invokers.ConfigInvoker.invokeConfigurationMethod(ConfigInvoker.java:400)
at org.testng.internal.invokers.ConfigInvoker.invokeConfigurations(ConfigInvoker.java:333)
at org.testng.internal.invokers.TestInvoker.runConfigMethods(TestInvoker.java:833)
at org.testng.internal.invokers.TestInvoker.runAfterConfigurations(TestInvoker.java:802)
at org.testng.internal.invokers.TestInvoker.invokeMethod(TestInvoker.java:778)
at org.testng.internal.invokers.TestInvoker.invokeTestMethod(TestInvoker.java:230)
at org.testng.internal.invokers.MethodRunner.runInSequence(MethodRunner.java:63)
at org.testng.internal.invokers.TestInvoker$MethodInvocationAgent.invoke(TestInvoker.java:992)
at org.testng.internal.invokers.TestInvoker.invokeTestMethods(TestInvoker.java:203)
at org.testng.internal.invokers.TestMethodWorker.invokeTestMethods(TestMethodWorker.java:154)
at org.testng.internal.invokers.TestMethodWorker.run(TestMethodWorker.java:134)
at java.base/java.util.ArrayList.forEach(ArrayList.java:1511)
at org.testng.TestRunner.privateRun(TestRunner.java:739)
at org.testng.TestRunner.run(TestRunner.java:614)
at org.testng.SuiteRunner.runTest(SuiteRunner.java:421)
at org.testng.SuiteRunner.runSequentially(SuiteRunner.java:413)
at org.testng.SuiteRunner.privateRun(SuiteRunner.java:373)
at org.testng.SuiteRunner.run(SuiteRunner.java:312)
at org.testng.SuiteRunnerWorker.runSuite(SuiteRunnerWorker.java:52)
at org.testng.SuiteRunnerWorker.run(SuiteRunnerWorker.java:95)
at org.testng.TestNG.runSuitesSequentially(TestNG.java:1274)
at org.testng.TestNG.runSuitesLocally(TestNG.java:1208)
at org.testng.TestNG.runSuites(TestNG.java:1112)
at org.testng.TestNG.run(TestNG.java:1079)
at org.apache.maven.surefire.testng.TestNGExecutor.run(TestNGExecutor.java:155)
at org.apache.maven.surefire.testng.TestNGDirectoryTestSuite.executeMulti(TestNGDirectoryTestSuite.java:169)
at org.apache.maven.surefire.testng.TestNGDirectoryTestSuite.execute(TestNGDirectoryTestSuite.java:88)
at org.apache.maven.surefire.testng.TestNGProvider.invoke(TestNGProvider.java:137)
at org.apache.maven.surefire.booter.ForkedBooter.runSuitesInProcess(ForkedBooter.java:385)
at org.apache.maven.surefire.booter.ForkedBooter.execute(ForkedBooter.java:162)
at org.apache.maven.surefire.booter.ForkedBooter.run(ForkedBooter.java:507)
at org.apache.maven.surefire.booter.ForkedBooter.main(ForkedBooter.java:495)
]]>
            </full-stacktrace>
          </exception> <!-- org.openqa.selenium.ElementClickInterceptedException -->
          <reporter-output>
          </reporter-output>
        </test-method> <!-- afterMethod -->
        <test-method is-config="true" signature="afterclass()[pri:0, instance:com.ShoppersStack.testScripts.Verify_user_is_able_to_update_address_or_not_Test@1534f01b]" started-at="2024-05-28T11:40:20 IST" name="afterclass" finished-at="2024-05-28T11:40:20 IST" duration-ms="0" status="SKIP">
          <reporter-output>
          </reporter-output>
        </test-method> <!-- afterclass -->
      </class> <!-- com.ShoppersStack.testScripts.Verify_user_is_able_to_update_address_or_not_Test -->
    </test> <!-- Surefire test -->
  </suite> <!-- Surefire suite -->
</testng-results>
